[2017-11-16 17:49:56.114] [INFO] debug - ::1 - - "POST /api/login HTTP/1.1" 200 281 "http://localhost:3000/login" "Mozilla/5.0 (Macintosh; Intel Mac OS X 10_12_6) AppleWebKit/537.36 (KHTML, like Gecko) Chrome/61.0.3163.100 Safari/537.36"
[2017-11-16 17:49:56.474] [ERROR] debug - ::1 - - "POST /api/getProjectList HTTP/1.1" 500 1636 "http://localhost:3000/fprojectList" "Mozilla/5.0 (Macintosh; Intel Mac OS X 10_12_6) AppleWebKit/537.36 (KHTML, like Gecko) Chrome/61.0.3163.100 Safari/537.36"
[2017-11-16 17:50:51.640] [ERROR] debug - ::1 - - "POST /api/getProjectList HTTP/1.1" 500 1636 "http://localhost:3000/fprojectList" "Mozilla/5.0 (Macintosh; Intel Mac OS X 10_12_6) AppleWebKit/537.36 (KHTML, like Gecko) Chrome/61.0.3163.100 Safari/537.36"
[2017-11-16 17:51:28.931] [ERROR] debug - ::1 - - "POST /api/getProjectList HTTP/1.1" 500 1636 "http://localhost:3000/fprojectList" "Mozilla/5.0 (iPhone; CPU iPhone OS 9_1 like Mac OS X) AppleWebKit/601.1.46 (KHTML, like Gecko) Version/9.0 Mobile/13B143 Safari/601.1"
[2017-11-16 17:52:15.633] [ERROR] debug - ::1 - - "POST /api/getProjectList HTTP/1.1" 500 1636 "http://localhost:3000/fprojectList" "Mozilla/5.0 (iPhone; CPU iPhone OS 9_1 like Mac OS X) AppleWebKit/601.1.46 (KHTML, like Gecko) Version/9.0 Mobile/13B143 Safari/601.1"
[2017-11-16 17:53:34.306] [ERROR] debug - ::1 - - "POST /api/getProjectList HTTP/1.1" 500 1636 "http://localhost:3000/fprojectList" "Mozilla/5.0 (Macintosh; Intel Mac OS X 10_12_6) AppleWebKit/537.36 (KHTML, like Gecko) Chrome/61.0.3163.100 Safari/537.36"
[2017-11-16 17:54:19.656] [ERROR] debug - ::1 - - "POST /api/getProjectList HTTP/1.1" 500 1636 "http://localhost:3000/fprojectList" "Mozilla/5.0 (Macintosh; Intel Mac OS X 10_12_6) AppleWebKit/537.36 (KHTML, like Gecko) Chrome/61.0.3163.100 Safari/537.36"
[2017-11-16 17:55:18.955] [ERROR] debug - ::1 - - "POST /api/getProjectList HTTP/1.1" 500 1636 "http://localhost:3000/fprojectList" "Mozilla/5.0 (Macintosh; Intel Mac OS X 10_12_6) AppleWebKit/537.36 (KHTML, like Gecko) Chrome/61.0.3163.100 Safari/537.36"
[2017-11-16 17:55:40.440] [INFO] debug - ::1 - - "POST /api/getProjectList HTTP/1.1" 200 1815 "http://localhost:3000/fprojectList" "Mozilla/5.0 (Macintosh; Intel Mac OS X 10_12_6) AppleWebKit/537.36 (KHTML, like Gecko) Chrome/61.0.3163.100 Safari/537.36"
[2017-11-16 17:56:22.354] [INFO] debug - ::1 - - "POST /api/getProjectList HTTP/1.1" 200 1815 "http://localhost:3000/fprojectList" "Mozilla/5.0 (Macintosh; Intel Mac OS X 10_12_6) AppleWebKit/537.36 (KHTML, like Gecko) Chrome/61.0.3163.100 Safari/537.36"
[2017-11-16 17:57:34.290] [INFO] debug - ::1 - - "POST /api/getProjectList HTTP/1.1" 200 1815 "http://localhost:3000/fprojectList" "Mozilla/5.0 (Macintosh; Intel Mac OS X 10_12_6) AppleWebKit/537.36 (KHTML, like Gecko) Chrome/61.0.3163.100 Safari/537.36"
[2017-11-16 17:57:35.368] [INFO] debug - ::1 - - "POST /api/fweeklySelect HTTP/1.1" 200 2083 "http://localhost:3000/fweekly" "Mozilla/5.0 (Macintosh; Intel Mac OS X 10_12_6) AppleWebKit/537.36 (KHTML, like Gecko) Chrome/61.0.3163.100 Safari/537.36"
[2017-11-16 17:58:03.642] [INFO] debug - ::1 - - "POST /api/login HTTP/1.1" 200 281 "http://localhost:3000/login" "Mozilla/5.0 (Macintosh; Intel Mac OS X 10_12_6) AppleWebKit/537.36 (KHTML, like Gecko) Chrome/61.0.3163.100 Safari/537.36"
[2017-11-16 17:58:04.042] [INFO] debug - ::1 - - "POST /api/getProjectList HTTP/1.1" 200 1815 "http://localhost:3000/fprojectList" "Mozilla/5.0 (Macintosh; Intel Mac OS X 10_12_6) AppleWebKit/537.36 (KHTML, like Gecko) Chrome/61.0.3163.100 Safari/537.36"
[2017-11-16 17:58:06.404] [INFO] debug - ::1 - - "POST /api/selectProjectDetail HTTP/1.1" 200 337 "http://localhost:3000/fprojectDetail?projectId=1" "Mozilla/5.0 (Macintosh; Intel Mac OS X 10_12_6) AppleWebKit/537.36 (KHTML, like Gecko) Chrome/61.0.3163.100 Safari/537.36"
[2017-11-16 17:58:15.108] [INFO] debug - ::1 - - "POST /api/fweeklySelect HTTP/1.1" 200 2083 "http://localhost:3000/fweekly" "Mozilla/5.0 (Macintosh; Intel Mac OS X 10_12_6) AppleWebKit/537.36 (KHTML, like Gecko) Chrome/61.0.3163.100 Safari/537.36"
[2017-11-16 17:58:42.957] [INFO] debug - ::1 - - "POST /api/fcalendarSelect HTTP/1.1" 200 1493 "http://localhost:3000/fcalendar" "Mozilla/5.0 (Macintosh; Intel Mac OS X 10_12_6) AppleWebKit/537.36 (KHTML, like Gecko) Chrome/61.0.3163.100 Safari/537.36"
[2017-11-16 17:58:45.571] [INFO] debug - ::1 - - "POST /api/fcalendarDelete HTTP/1.1" 200 213 "http://localhost:3000/fcalendar" "Mozilla/5.0 (Macintosh; Intel Mac OS X 10_12_6) AppleWebKit/537.36 (KHTML, like Gecko) Chrome/61.0.3163.100 Safari/537.36"
[2017-11-16 17:58:47.190] [INFO] debug - ::1 - - "POST /api/fcalendarSelect HTTP/1.1" 200 1333 "http://localhost:3000/fcalendar" "Mozilla/5.0 (Macintosh; Intel Mac OS X 10_12_6) AppleWebKit/537.36 (KHTML, like Gecko) Chrome/61.0.3163.100 Safari/537.36"
[2017-11-16 17:58:49.890] [INFO] debug - ::1 - - "POST /api/getUserList HTTP/1.1" 200 3301 "http://localhost:3000/fcontacts" "Mozilla/5.0 (Macintosh; Intel Mac OS X 10_12_6) AppleWebKit/537.36 (KHTML, like Gecko) Chrome/61.0.3163.100 Safari/537.36"
