[2017-11-16 18:07:58.141] [INFO] info - ---------------------------------
[2017-11-16 18:07:58.143] [INFO] info - ---------------------------------
[2017-11-16 18:07:58.144] [INFO] debug - ::1 - - "POST /api/getProjectList HTTP/1.1" 200 1815 "http://localhost:3000/fprojectList" "Mozilla/5.0 (Macintosh; Intel Mac OS X 10_12_6) AppleWebKit/537.36 (KHTML, like Gecko) Chrome/61.0.3163.100 Safari/537.36"
[2017-11-16 18:08:59.867] [INFO] debug - ::1 - - "POST /api/selectProjectDetail HTTP/1.1" 200 346 "http://localhost:3000/fprojectDetail?projectId=5" "Mozilla/5.0 (Macintosh; Intel Mac OS X 10_12_6) AppleWebKit/537.36 (KHTML, like Gecko) Chrome/61.0.3163.100 Safari/537.36"
[2017-11-16 18:16:39.329] [INFO] info - mysql数据库连接成功,threadId: 75
[2017-11-16 18:16:42.777] [INFO] debug - ::1 - - "POST /api/getProjectList HTTP/1.1" 200 49 "http://localhost:3000/fprojectList" "Mozilla/5.0 (Macintosh; Intel Mac OS X 10_12_6) AppleWebKit/537.36 (KHTML, like Gecko) Chrome/61.0.3163.100 Safari/537.36"
[2017-11-16 18:17:39.299] [ERROR] debug - ::1 - - "POST /api/getProjecAllList HTTP/1.1" 404 1583 "http://localhost:3000/fprojectList" "Mozilla/5.0 (Macintosh; Intel Mac OS X 10_12_6) AppleWebKit/537.36 (KHTML, like Gecko) Chrome/61.0.3163.100 Safari/537.36"
[2017-11-16 18:17:41.265] [ERROR] debug - ::1 - - "POST /api/getProjecAllList HTTP/1.1" 404 1583 "http://localhost:3000/fprojectList" "Mozilla/5.0 (Macintosh; Intel Mac OS X 10_12_6) AppleWebKit/537.36 (KHTML, like Gecko) Chrome/61.0.3163.100 Safari/537.36"
[2017-11-16 18:18:27.898] [INFO] info - mysql数据库连接成功,threadId: 76
[2017-11-16 18:18:29.592] [INFO] debug - ::1 - - "POST /api/getProjecAllList HTTP/1.1" 200 49 "http://localhost:3000/fprojectList" "Mozilla/5.0 (Macintosh; Intel Mac OS X 10_12_6) AppleWebKit/537.36 (KHTML, like Gecko) Chrome/61.0.3163.100 Safari/537.36"
[2017-11-16 18:18:33.270] [INFO] debug - ::1 - - "POST /api/getProjecAllList HTTP/1.1" 200 49 "http://localhost:3000/fprojectList" "Mozilla/5.0 (Macintosh; Intel Mac OS X 10_12_6) AppleWebKit/537.36 (KHTML, like Gecko) Chrome/61.0.3163.100 Safari/537.36"
[2017-11-16 18:18:40.862] [INFO] debug - ::1 - - "POST /api/getProjecAllList HTTP/1.1" 200 49 "http://localhost:3000/fprojectList" "Mozilla/5.0 (Macintosh; Intel Mac OS X 10_12_6) AppleWebKit/537.36 (KHTML, like Gecko) Chrome/61.0.3163.100 Safari/537.36"
[2017-11-16 18:18:45.429] [INFO] info - mysql数据库连接成功,threadId: 77
[2017-11-16 18:18:46.079] [INFO] debug - ::1 - - "POST /api/getProjecAllList HTTP/1.1" 200 1815 "http://localhost:3000/fprojectList" "Mozilla/5.0 (Macintosh; Intel Mac OS X 10_12_6) AppleWebKit/537.36 (KHTML, like Gecko) Chrome/61.0.3163.100 Safari/537.36"
[2017-11-16 18:21:30.524] [INFO] info - mysql数据库连接成功,threadId: 78
[2017-11-16 18:21:32.934] [INFO] debug - ::1 - - "POST /api/getProjecAllList HTTP/1.1" 200 1815 "http://localhost:3000/fprojectList" "Mozilla/5.0 (Macintosh; Intel Mac OS X 10_12_6) AppleWebKit/537.36 (KHTML, like Gecko) Chrome/61.0.3163.100 Safari/537.36"
[2017-11-16 18:21:35.311] [INFO] debug - ::1 - - "POST /api/selectProjectDetail HTTP/1.1" 200 337 "http://localhost:3000/fprojectDetail?projectId=1" "Mozilla/5.0 (Macintosh; Intel Mac OS X 10_12_6) AppleWebKit/537.36 (KHTML, like Gecko) Chrome/61.0.3163.100 Safari/537.36"
[2017-11-16 18:22:47.726] [INFO] info - mysql数据库连接成功,threadId: 79
[2017-11-16 18:22:49.904] [INFO] info - SELECT * FROM api_projectList
[2017-11-16 18:22:49.919] [INFO] debug - ::1 - - "POST /api/getProjecAllList HTTP/1.1" 200 1815 "http://localhost:3000/fprojectList" "Mozilla/5.0 (Macintosh; Intel Mac OS X 10_12_6) AppleWebKit/537.36 (KHTML, like Gecko) Chrome/61.0.3163.100 Safari/537.36"
[2017-11-16 18:23:09.745] [INFO] info - mysql数据库连接成功,threadId: 80
[2017-11-16 18:23:11.163] [INFO] info - SELECT p.id,p.fullName,p.shortName,p.projectManager,p.customer,p.version,p.status,p.createTimeFROM api_projectList p, api_role r, api_user u,api_role_projectList rp,api_user_role ur WHERE p.id=rp.projectId AND u.id=ur.userId AND r.id=ur.roleId AND u.id=2
[2017-11-16 18:23:11.177] [INFO] debug - ::1 - - "POST /api/getProjecAllList HTTP/1.1" 200 49 "http://localhost:3000/fprojectList" "Mozilla/5.0 (Macintosh; Intel Mac OS X 10_12_6) AppleWebKit/537.36 (KHTML, like Gecko) Chrome/61.0.3163.100 Safari/537.36"
[2017-11-16 18:23:14.816] [INFO] info - SELECT p.id,p.fullName,p.shortName,p.projectManager,p.customer,p.version,p.status,p.createTimeFROM api_projectList p, api_role r, api_user u,api_role_projectList rp,api_user_role ur WHERE p.id=rp.projectId AND u.id=ur.userId AND r.id=ur.roleId AND u.id=2
[2017-11-16 18:23:14.819] [INFO] debug - ::1 - - "POST /api/getProjecAllList HTTP/1.1" 200 49 "http://localhost:3000/fprojectList" "Mozilla/5.0 (Macintosh; Intel Mac OS X 10_12_6) AppleWebKit/537.36 (KHTML, like Gecko) Chrome/61.0.3163.100 Safari/537.36"
[2017-11-16 18:33:18.427] [INFO] info - SELECT p.id,p.fullName,p.shortName,p.projectManager,p.customer,p.version,p.status,p.createTimeFROM api_projectList p, api_role r, api_user u,api_role_projectList rp,api_user_role ur WHERE p.id=rp.projectId AND u.id=ur.userId AND r.id=ur.roleId AND u.id=2
[2017-11-16 18:33:18.430] [INFO] debug - ::1 - - "POST /api/getProjecAllList HTTP/1.1" 200 49 "http://localhost:3000/fprojectList" "Mozilla/5.0 (Macintosh; Intel Mac OS X 10_12_6) AppleWebKit/537.36 (KHTML, like Gecko) Chrome/61.0.3163.100 Safari/537.36"
[2017-11-16 18:33:19.700] [INFO] info - SELECT p.id,p.fullName,p.shortName,p.projectManager,p.customer,p.version,p.status,p.createTimeFROM api_projectList p, api_role r, api_user u,api_role_projectList rp,api_user_role ur WHERE p.id=rp.projectId AND u.id=ur.userId AND r.id=ur.roleId AND u.id=2
[2017-11-16 18:33:19.702] [INFO] debug - ::1 - - "POST /api/getProjecAllList HTTP/1.1" 200 49 "http://localhost:3000/fprojectList" "Mozilla/5.0 (Macintosh; Intel Mac OS X 10_12_6) AppleWebKit/537.36 (KHTML, like Gecko) Chrome/61.0.3163.100 Safari/537.36"
[2017-11-16 18:33:24.629] [INFO] info - mysql数据库连接成功,threadId: 100
[2017-11-16 18:33:26.908] [INFO] info - SELECT p.id,p.fullName,p.shortName,p.projectManager,p.customer,p.version,p.status,p.createTime FROM api_projectList p, api_role r, api_user u,api_role_projectList rp,api_user_role ur WHERE p.id=rp.projectId AND u.id=ur.userId AND r.id=ur.roleId AND u.id=2
[2017-11-16 18:33:26.921] [INFO] debug - ::1 - - "POST /api/getProjecAllList HTTP/1.1" 200 821 "http://localhost:3000/fprojectList" "Mozilla/5.0 (Macintosh; Intel Mac OS X 10_12_6) AppleWebKit/537.36 (KHTML, like Gecko) Chrome/61.0.3163.100 Safari/537.36"
