[2017-11-17T17:32:10.063] [INFO] info - mysql数据库连接成功,threadId: 56
[2017-11-17T17:32:12.324] [INFO] debug - ::1 - - "POST /api/addProject HTTP/1.1" 200 49 "http://localhost:3000/fprojectAdd" "Mozilla/5.0 (Macintosh; Intel Mac OS X 10_13_1) AppleWebKit/537.36 (KHTML, like Gecko) Chrome/62.0.3202.94 Safari/537.36"
[2017-11-17T17:34:59.922] [INFO] info - SELECT p.id,p.fullName,p.shortName,p.projectManager,p.customer,p.devCycle,p.version,p.status,p.createTime FROM api_projectList p, api_role r, api_user u,api_role_projectList rp,api_user_role ur WHERE p.id=rp.projectId AND u.id=ur.userId AND r.id=ur.roleId AND u.id=2
[2017-11-17T17:34:59.977] [INFO] debug - ::1 - - "POST /api/getProjecAllList HTTP/1.1" 200 892 "http://localhost:3000/fprojectList" "Mozilla/5.0 (Macintosh; Intel Mac OS X 10_13_1) AppleWebKit/537.36 (KHTML, like Gecko) Chrome/62.0.3202.94 Safari/537.36"
[2017-11-17T17:35:05.069] [INFO] info - SELECT p.id,p.fullName,p.shortName,p.projectManager,p.customer,p.devCycle,p.version,p.status,p.createTime FROM api_projectList p, api_role r, api_user u,api_role_projectList rp,api_user_role ur WHERE p.id=rp.projectId AND u.id=ur.userId AND r.id=ur.roleId AND u.id=2
[2017-11-17T17:35:05.071] [INFO] debug - ::1 - - "POST /api/getProjecAllList HTTP/1.1" 200 892 "http://localhost:3000/fprojectList" "Mozilla/5.0 (Macintosh; Intel Mac OS X 10_13_1) AppleWebKit/537.36 (KHTML, like Gecko) Chrome/62.0.3202.94 Safari/537.36"
[2017-11-17T17:37:52.771] [INFO] debug - ::1 - - "POST /api/addProject HTTP/1.1" 200 49 "http://localhost:3000/fprojectAdd" "Mozilla/5.0 (Macintosh; Intel Mac OS X 10_13_1) AppleWebKit/537.36 (KHTML, like Gecko) Chrome/62.0.3202.94 Safari/537.36"
[2017-11-17T17:38:19.138] [INFO] debug - ::1 - - "POST /api/addProject HTTP/1.1" 200 49 "http://localhost:3000/fprojectAdd" "Mozilla/5.0 (Macintosh; Intel Mac OS X 10_13_1) AppleWebKit/537.36 (KHTML, like Gecko) Chrome/62.0.3202.94 Safari/537.36"
[2017-11-17T17:38:21.299] [INFO] debug - ::1 - - "POST /api/fweeklySelect HTTP/1.1" 200 2083 "http://localhost:3000/fweekly" "Mozilla/5.0 (Macintosh; Intel Mac OS X 10_13_1) AppleWebKit/537.36 (KHTML, like Gecko) Chrome/62.0.3202.94 Safari/537.36"
[2017-11-17T17:38:22.189] [INFO] info - SELECT p.id,p.fullName,p.shortName,p.projectManager,p.customer,p.devCycle,p.version,p.status,p.createTime FROM api_projectList p, api_role r, api_user u,api_role_projectList rp,api_user_role ur WHERE p.id=rp.projectId AND u.id=ur.userId AND r.id=ur.roleId AND u.id=2
[2017-11-17T17:38:22.192] [INFO] debug - ::1 - - "POST /api/getProjecAllList HTTP/1.1" 200 892 "http://localhost:3000/fprojectList" "Mozilla/5.0 (Macintosh; Intel Mac OS X 10_13_1) AppleWebKit/537.36 (KHTML, like Gecko) Chrome/62.0.3202.94 Safari/537.36"
[2017-11-17T17:41:32.590] [INFO] debug - ::1 - - "POST /api/addProject HTTP/1.1" 200 49 "http://localhost:3000/fprojectAdd" "Mozilla/5.0 (Macintosh; Intel Mac OS X 10_13_1) AppleWebKit/537.36 (KHTML, like Gecko) Chrome/62.0.3202.94 Safari/537.36"
[2017-11-17T17:41:34.233] [INFO] info - SELECT p.id,p.fullName,p.shortName,p.projectManager,p.customer,p.devCycle,p.version,p.status,p.createTime FROM api_projectList p, api_role r, api_user u,api_role_projectList rp,api_user_role ur WHERE p.id=rp.projectId AND u.id=ur.userId AND r.id=ur.roleId AND u.id=2
[2017-11-17T17:41:34.235] [INFO] debug - ::1 - - "POST /api/getProjecAllList HTTP/1.1" 200 892 "http://localhost:3000/fprojectList" "Mozilla/5.0 (Macintosh; Intel Mac OS X 10_13_1) AppleWebKit/537.36 (KHTML, like Gecko) Chrome/62.0.3202.94 Safari/537.36"
[2017-11-17T17:41:58.575] [INFO] debug - ::1 - - "POST /api/addProject HTTP/1.1" 200 49 "http://localhost:3000/fprojectAdd" "Mozilla/5.0 (Macintosh; Intel Mac OS X 10_13_1) AppleWebKit/537.36 (KHTML, like Gecko) Chrome/62.0.3202.94 Safari/537.36"
[2017-11-17T17:43:11.401] [INFO] debug - ::1 - - "POST /api/addProject HTTP/1.1" 200 49 "http://localhost:3000/fprojectAdd" "Mozilla/5.0 (Macintosh; Intel Mac OS X 10_13_1) AppleWebKit/537.36 (KHTML, like Gecko) Chrome/62.0.3202.94 Safari/537.36"
[2017-11-17T17:43:18.131] [INFO] info - SELECT p.id,p.fullName,p.shortName,p.projectManager,p.customer,p.devCycle,p.version,p.status,p.createTime FROM api_projectList p, api_role r, api_user u,api_role_projectList rp,api_user_role ur WHERE p.id=rp.projectId AND u.id=ur.userId AND r.id=ur.roleId AND u.id=2
[2017-11-17T17:43:18.133] [INFO] debug - ::1 - - "POST /api/getProjecAllList HTTP/1.1" 200 892 "http://localhost:3000/fprojectList" "Mozilla/5.0 (Macintosh; Intel Mac OS X 10_13_1) AppleWebKit/537.36 (KHTML, like Gecko) Chrome/62.0.3202.94 Safari/537.36"
[2017-11-17T17:43:40.417] [INFO] debug - ::1 - - "POST /api/addProject HTTP/1.1" 200 49 "http://localhost:3000/fprojectAdd" "Mozilla/5.0 (Macintosh; Intel Mac OS X 10_13_1) AppleWebKit/537.36 (KHTML, like Gecko) Chrome/62.0.3202.94 Safari/537.36"
[2017-11-17T17:44:43.855] [INFO] debug - ::1 - - "POST /api/addProject HTTP/1.1" 200 49 "http://localhost:3000/fprojectAdd" "Mozilla/5.0 (Macintosh; Intel Mac OS X 10_13_1) AppleWebKit/537.36 (KHTML, like Gecko) Chrome/62.0.3202.94 Safari/537.36"
[2017-11-17T17:45:15.303] [INFO] info - SELECT p.id,p.fullName,p.shortName,p.projectManager,p.customer,p.devCycle,p.version,p.status,p.createTime FROM api_projectList p, api_role r, api_user u,api_role_projectList rp,api_user_role ur WHERE p.id=rp.projectId AND u.id=ur.userId AND r.id=ur.roleId AND u.id=2
[2017-11-17T17:45:15.305] [INFO] debug - ::1 - - "POST /api/getProjecAllList HTTP/1.1" 200 892 "http://localhost:3000/fprojectList" "Mozilla/5.0 (Macintosh; Intel Mac OS X 10_13_1) AppleWebKit/537.36 (KHTML, like Gecko) Chrome/62.0.3202.94 Safari/537.36"
[2017-11-17T17:45:16.879] [INFO] info - SELECT p.id,p.fullName,p.shortName,p.projectManager,p.customer,p.devCycle,p.version,p.status,p.createTime FROM api_projectList p, api_role r, api_user u,api_role_projectList rp,api_user_role ur WHERE p.id=rp.projectId AND u.id=ur.userId AND r.id=ur.roleId AND u.id=2
[2017-11-17T17:45:16.881] [INFO] debug - ::1 - - "POST /api/getProjecAllList HTTP/1.1" 200 892 "http://localhost:3000/fprojectList" "Mozilla/5.0 (Macintosh; Intel Mac OS X 10_13_1) AppleWebKit/537.36 (KHTML, like Gecko) Chrome/62.0.3202.94 Safari/537.36"
[2017-11-17T17:45:17.266] [INFO] info - SELECT p.id,p.fullName,p.shortName,p.projectManager,p.customer,p.devCycle,p.version,p.status,p.createTime FROM api_projectList p, api_role r, api_user u,api_role_projectList rp,api_user_role ur WHERE p.id=rp.projectId AND u.id=ur.userId AND r.id=ur.roleId AND u.id=2
[2017-11-17T17:45:17.268] [INFO] debug - ::1 - - "POST /api/getProjecAllList HTTP/1.1" 200 892 "http://localhost:3000/fprojectList" "Mozilla/5.0 (Macintosh; Intel Mac OS X 10_13_1) AppleWebKit/537.36 (KHTML, like Gecko) Chrome/62.0.3202.94 Safari/537.36"
[2017-11-17T17:46:29.876] [INFO] debug - ::1 - - "POST /api/addProject HTTP/1.1" 200 58 "http://localhost:3000/fprojectAdd" "Mozilla/5.0 (Macintosh; Intel Mac OS X 10_13_1) AppleWebKit/537.36 (KHTML, like Gecko) Chrome/62.0.3202.94 Safari/537.36"
[2017-11-17T17:46:50.359] [INFO] info - mysql数据库连接成功,threadId: 57
[2017-11-17T17:46:52.213] [INFO] info - SELECT p.id,p.fullName,p.shortName,p.projectManager,p.customer,p.devCycle,p.version,p.status,p.createTime FROM api_projectList p, api_role r, api_user u,api_role_projectList rp,api_user_role ur WHERE p.id=rp.projectId AND u.id=ur.userId AND r.id=ur.roleId AND u.id=2
[2017-11-17T17:46:52.254] [INFO] debug - ::1 - - "POST /api/getProjecAllList HTTP/1.1" 200 892 "http://localhost:3000/fprojectList" "Mozilla/5.0 (Macintosh; Intel Mac OS X 10_13_1) AppleWebKit/537.36 (KHTML, like Gecko) Chrome/62.0.3202.94 Safari/537.36"
[2017-11-17T17:47:44.015] [INFO] debug - ::1 - - "POST /api/addProject HTTP/1.1" 200 47 "http://localhost:3000/fprojectAdd" "Mozilla/5.0 (Macintosh; Intel Mac OS X 10_13_1) AppleWebKit/537.36 (KHTML, like Gecko) Chrome/62.0.3202.94 Safari/537.36"
[2017-11-17T17:47:45.202] [INFO] info - SELECT p.id,p.fullName,p.shortName,p.projectManager,p.customer,p.devCycle,p.version,p.status,p.createTime FROM api_projectList p, api_role r, api_user u,api_role_projectList rp,api_user_role ur WHERE p.id=rp.projectId AND u.id=ur.userId AND r.id=ur.roleId AND u.id=2
[2017-11-17T17:47:45.205] [INFO] debug - ::1 - - "POST /api/getProjecAllList HTTP/1.1" 200 892 "http://localhost:3000/fprojectList" "Mozilla/5.0 (Macintosh; Intel Mac OS X 10_13_1) AppleWebKit/537.36 (KHTML, like Gecko) Chrome/62.0.3202.94 Safari/537.36"
[2017-11-17T17:52:14.728] [INFO] info - SELECT p.id,p.fullName,p.shortName,p.projectManager,p.customer,p.devCycle,p.version,p.status,p.createTime FROM api_projectList p, api_role r, api_user u,api_role_projectList rp,api_user_role ur WHERE p.id=rp.projectId AND u.id=ur.userId AND r.id=ur.roleId AND u.id=2
[2017-11-17T17:52:14.732] [INFO] debug - ::1 - - "POST /api/getProjecAllList HTTP/1.1" 200 892 "http://localhost:3000/fprojectList" "Mozilla/5.0 (Macintosh; Intel Mac OS X 10_13_1) AppleWebKit/537.36 (KHTML, like Gecko) Chrome/62.0.3202.94 Safari/537.36"
[2017-11-17T17:52:16.088] [INFO] info - SELECT * FROM api_projectList
[2017-11-17T17:52:16.093] [INFO] debug - ::1 - - "POST /api/getProjecAllList HTTP/1.1" 200 2433 "http://localhost:3000/fprojectList" "Mozilla/5.0 (Macintosh; Intel Mac OS X 10_13_1) AppleWebKit/537.36 (KHTML, like Gecko) Chrome/62.0.3202.94 Safari/537.36"
[2017-11-17T17:52:19.347] [INFO] info - SELECT * FROM api_projectList
[2017-11-17T17:52:19.351] [INFO] debug - ::1 - - "POST /api/getProjecAllList HTTP/1.1" 200 2433 "http://localhost:3000/fprojectList" "Mozilla/5.0 (Macintosh; Intel Mac OS X 10_13_1) AppleWebKit/537.36 (KHTML, like Gecko) Chrome/62.0.3202.94 Safari/537.36"
[2017-11-17T17:54:59.420] [INFO] info - SELECT p.id,p.fullName,p.shortName,p.projectManager,p.customer,p.devCycle,p.version,p.status,p.createTime FROM api_projectList p, api_role r, api_user u,api_role_projectList rp,api_user_role ur WHERE p.id=rp.projectId AND u.id=ur.userId AND r.id=ur.roleId AND u.id=2
[2017-11-17T17:54:59.424] [INFO] debug - ::1 - - "POST /api/getProjecAllList HTTP/1.1" 200 892 "http://localhost:3000/fprojectList" "Mozilla/5.0 (Macintosh; Intel Mac OS X 10_13_1) AppleWebKit/537.36 (KHTML, like Gecko) Chrome/62.0.3202.94 Safari/537.36"
[2017-11-17T17:55:00.870] [INFO] info - SELECT * FROM api_projectList
[2017-11-17T17:55:00.873] [INFO] debug - ::1 - - "POST /api/getProjecAllList HTTP/1.1" 200 2433 "http://localhost:3000/fprojectList" "Mozilla/5.0 (Macintosh; Intel Mac OS X 10_13_1) AppleWebKit/537.36 (KHTML, like Gecko) Chrome/62.0.3202.94 Safari/537.36"
[2017-11-17T17:55:03.662] [INFO] info - SELECT p.id,p.fullName,p.shortName,p.projectManager,p.customer,p.devCycle,p.version,p.status,p.createTime FROM api_projectList p, api_role r, api_user u,api_role_projectList rp,api_user_role ur WHERE p.id=rp.projectId AND u.id=ur.userId AND r.id=ur.roleId AND u.id=2
[2017-11-17T17:55:03.666] [INFO] debug - ::1 - - "POST /api/getProjecAllList HTTP/1.1" 200 892 "http://localhost:3000/fprojectList" "Mozilla/5.0 (Macintosh; Intel Mac OS X 10_13_1) AppleWebKit/537.36 (KHTML, like Gecko) Chrome/62.0.3202.94 Safari/537.36"
[2017-11-17T17:55:05.005] [INFO] info - SELECT * FROM api_projectList
[2017-11-17T17:55:05.007] [INFO] debug - ::1 - - "POST /api/getProjecAllList HTTP/1.1" 200 2433 "http://localhost:3000/fprojectList" "Mozilla/5.0 (Macintosh; Intel Mac OS X 10_13_1) AppleWebKit/537.36 (KHTML, like Gecko) Chrome/62.0.3202.94 Safari/537.36"
[2017-11-17T17:55:30.553] [INFO] info - SELECT p.id,p.fullName,p.shortName,p.projectManager,p.customer,p.devCycle,p.version,p.status,p.createTime FROM api_projectList p, api_role r, api_user u,api_role_projectList rp,api_user_role ur WHERE p.id=rp.projectId AND u.id=ur.userId AND r.id=ur.roleId AND u.id=2
[2017-11-17T17:55:30.555] [INFO] debug - ::1 - - "POST /api/getProjecAllList HTTP/1.1" 200 892 "http://localhost:3000/fprojectList" "Mozilla/5.0 (Macintosh; Intel Mac OS X 10_13_1) AppleWebKit/537.36 (KHTML, like Gecko) Chrome/62.0.3202.94 Safari/537.36"
[2017-11-17T17:55:31.107] [INFO] info - SELECT * FROM api_projectList
[2017-11-17T17:55:31.110] [INFO] debug - ::1 - - "POST /api/getProjecAllList HTTP/1.1" 200 2433 "http://localhost:3000/fprojectList" "Mozilla/5.0 (Macintosh; Intel Mac OS X 10_13_1) AppleWebKit/537.36 (KHTML, like Gecko) Chrome/62.0.3202.94 Safari/537.36"
[2017-11-17T17:55:31.934] [INFO] info - SELECT p.id,p.fullName,p.shortName,p.projectManager,p.customer,p.devCycle,p.version,p.status,p.createTime FROM api_projectList p, api_role r, api_user u,api_role_projectList rp,api_user_role ur WHERE p.id=rp.projectId AND u.id=ur.userId AND r.id=ur.roleId AND u.id=2
[2017-11-17T17:55:31.937] [INFO] debug - ::1 - - "POST /api/getProjecAllList HTTP/1.1" 200 892 "http://localhost:3000/fprojectList" "Mozilla/5.0 (Macintosh; Intel Mac OS X 10_13_1) AppleWebKit/537.36 (KHTML, like Gecko) Chrome/62.0.3202.94 Safari/537.36"
[2017-11-17T17:55:32.660] [INFO] info - SELECT * FROM api_projectList
[2017-11-17T17:55:32.663] [INFO] debug - ::1 - - "POST /api/getProjecAllList HTTP/1.1" 200 2433 "http://localhost:3000/fprojectList" "Mozilla/5.0 (Macintosh; Intel Mac OS X 10_13_1) AppleWebKit/537.36 (KHTML, like Gecko) Chrome/62.0.3202.94 Safari/537.36"
[2017-11-17T17:55:34.024] [INFO] info - SELECT p.id,p.fullName,p.shortName,p.projectManager,p.customer,p.devCycle,p.version,p.status,p.createTime FROM api_projectList p, api_role r, api_user u,api_role_projectList rp,api_user_role ur WHERE p.id=rp.projectId AND u.id=ur.userId AND r.id=ur.roleId AND u.id=2
[2017-11-17T17:55:34.027] [INFO] debug - ::1 - - "POST /api/getProjecAllList HTTP/1.1" 200 892 "http://localhost:3000/fprojectList" "Mozilla/5.0 (Macintosh; Intel Mac OS X 10_13_1) AppleWebKit/537.36 (KHTML, like Gecko) Chrome/62.0.3202.94 Safari/537.36"
