[2017-11-17T19:08:28.466] [INFO] info - mysql数据库连接成功,threadId: 61
[2017-11-17T19:08:32.707] [ERROR] debug - ::1 - - "POST /api/addProject HTTP/1.1" 200 70 "http://localhost:3000/fprojectAdd" "Mozilla/5.0 (Macintosh; Intel Mac OS X 10_13_1) AppleWebKit/537.36 (KHTML, like Gecko) Chrome/62.0.3202.94 Safari/537.36"
[2017-11-17T19:11:59.664] [INFO] info - mysql数据库连接成功,threadId: 62
[2017-11-17T19:12:08.495] [ERROR] debug - ::1 - - "POST /api/addProject HTTP/1.1" 200 67 "http://localhost:3000/fprojectAdd" "Mozilla/5.0 (Macintosh; Intel Mac OS X 10_13_1) AppleWebKit/537.36 (KHTML, like Gecko) Chrome/62.0.3202.94 Safari/537.36"
[2017-11-17T19:14:06.970] [INFO] info - mysql数据库连接成功,threadId: 63
[2017-11-17T19:14:09.385] [INFO] info - SELECT p.id,p.fullName,p.shortName,p.projectManager,p.customer,p.devCycle,p.version,p.status,p.createTime FROM api_projectList p, api_role r, api_user u,api_role_projectList rp,api_user_role ur WHERE p.id=rp.projectId AND u.id=ur.userId AND r.id=ur.roleId AND u.id=2
[2017-11-17T19:14:09.425] [INFO] debug - ::1 - - "POST /api/getProjecAllList HTTP/1.1" 200 892 "http://localhost:3000/fprojectList" "Mozilla/5.0 (Macintosh; Intel Mac OS X 10_13_1) AppleWebKit/537.36 (KHTML, like Gecko) Chrome/62.0.3202.94 Safari/537.36"
[2017-11-17T19:14:12.344] [ERROR] debug - ::1 - - "POST /api/addProject HTTP/1.1" 200 67 "http://localhost:3000/fprojectAdd" "Mozilla/5.0 (Macintosh; Intel Mac OS X 10_13_1) AppleWebKit/537.36 (KHTML, like Gecko) Chrome/62.0.3202.94 Safari/537.36"
[2017-11-17T19:15:45.025] [INFO] info - mysql数据库连接成功,threadId: 64
[2017-11-17T19:15:49.391] [INFO] info - shortName
[2017-11-17T19:15:49.396] [INFO] info - projectManager
[2017-11-17T19:15:49.401] [ERROR] debug - ::1 - - "POST /api/addProject HTTP/1.1" 200 67 "http://localhost:3000/fprojectAdd" "Mozilla/5.0 (Macintosh; Intel Mac OS X 10_13_1) AppleWebKit/537.36 (KHTML, like Gecko) Chrome/62.0.3202.94 Safari/537.36"
[2017-11-17T19:20:20.027] [INFO] info - mysql数据库连接成功,threadId: 65
[2017-11-17T19:20:23.023] [INFO] info - 项目简称
[2017-11-17T19:20:23.028] [INFO] info - 项目经理
[2017-11-17T19:20:23.033] [ERROR] debug - ::1 - - "POST /api/addProject HTTP/1.1" 200 70 "http://localhost:3000/fprojectAdd" "Mozilla/5.0 (Macintosh; Intel Mac OS X 10_13_1) AppleWebKit/537.36 (KHTML, like Gecko) Chrome/62.0.3202.94 Safari/537.36"
[2017-11-17T19:21:04.256] [INFO] info - SELECT p.id,p.fullName,p.shortName,p.projectManager,p.customer,p.devCycle,p.version,p.status,p.createTime FROM api_projectList p, api_role r, api_user u,api_role_projectList rp,api_user_role ur WHERE p.id=rp.projectId AND u.id=ur.userId AND r.id=ur.roleId AND u.id=2
[2017-11-17T19:21:04.286] [INFO] debug - ::1 - - "POST /api/getProjecAllList HTTP/1.1" 200 892 "http://localhost:3000/fprojectList" "Mozilla/5.0 (Macintosh; Intel Mac OS X 10_13_1) AppleWebKit/537.36 (KHTML, like Gecko) Chrome/62.0.3202.94 Safari/537.36"
[2017-11-17T19:21:07.771] [INFO] info - 项目简称
[2017-11-17T19:21:07.771] [INFO] info - 项目经理
[2017-11-17T19:21:07.773] [ERROR] debug - ::1 - - "POST /api/addProject HTTP/1.1" 200 70 "http://localhost:3000/fprojectAdd" "Mozilla/5.0 (Macintosh; Intel Mac OS X 10_13_1) AppleWebKit/537.36 (KHTML, like Gecko) Chrome/62.0.3202.94 Safari/537.36"
[2017-11-17T19:21:14.877] [INFO] info - 项目经理
[2017-11-17T19:21:14.878] [INFO] info - 项目客户
[2017-11-17T19:21:14.878] [ERROR] debug - ::1 - - "POST /api/addProject HTTP/1.1" 200 70 "http://localhost:3000/fprojectAdd" "Mozilla/5.0 (Macintosh; Intel Mac OS X 10_13_1) AppleWebKit/537.36 (KHTML, like Gecko) Chrome/62.0.3202.94 Safari/537.36"
[2017-11-17T19:21:21.659] [INFO] info - 项目经理
[2017-11-17T19:21:21.660] [INFO] info - 项目客户
[2017-11-17T19:21:21.661] [ERROR] debug - ::1 - - "POST /api/addProject HTTP/1.1" 200 70 "http://localhost:3000/fprojectAdd" "Mozilla/5.0 (Macintosh; Intel Mac OS X 10_13_1) AppleWebKit/537.36 (KHTML, like Gecko) Chrome/62.0.3202.94 Safari/537.36"
[2017-11-17T19:21:25.448] [INFO] info - 项目客户
[2017-11-17T19:21:25.449] [INFO] info - 项目版本
[2017-11-17T19:21:25.450] [ERROR] debug - ::1 - - "POST /api/addProject HTTP/1.1" 200 70 "http://localhost:3000/fprojectAdd" "Mozilla/5.0 (Macintosh; Intel Mac OS X 10_13_1) AppleWebKit/537.36 (KHTML, like Gecko) Chrome/62.0.3202.94 Safari/537.36"
[2017-11-17T19:22:43.007] [INFO] info - 项目简称
[2017-11-17T19:22:43.008] [INFO] info - 项目全称
[2017-11-17T19:22:43.010] [ERROR] debug - ::1 - - "POST /api/addProject HTTP/1.1" 200 70 "http://localhost:3000/fprojectAdd" "Mozilla/5.0 (Macintosh; Intel Mac OS X 10_13_1) AppleWebKit/537.36 (KHTML, like Gecko) Chrome/62.0.3202.94 Safari/537.36"
[2017-11-17T19:22:45.979] [INFO] info - 项目全称
[2017-11-17T19:22:45.981] [INFO] info - 项目客户
[2017-11-17T19:22:45.982] [ERROR] debug - ::1 - - "POST /api/addProject HTTP/1.1" 200 70 "http://localhost:3000/fprojectAdd" "Mozilla/5.0 (Macintosh; Intel Mac OS X 10_13_1) AppleWebKit/537.36 (KHTML, like Gecko) Chrome/62.0.3202.94 Safari/537.36"
[2017-11-17T19:22:48.712] [INFO] info - 项目客户
[2017-11-17T19:22:48.713] [INFO] info - 项目版本
[2017-11-17T19:22:48.714] [ERROR] debug - ::1 - - "POST /api/addProject HTTP/1.1" 200 70 "http://localhost:3000/fprojectAdd" "Mozilla/5.0 (Macintosh; Intel Mac OS X 10_13_1) AppleWebKit/537.36 (KHTML, like Gecko) Chrome/62.0.3202.94 Safari/537.36"
[2017-11-17T19:30:15.302] [INFO] info - mysql数据库连接成功,threadId: 66
[2017-11-17T19:30:38.850] [INFO] debug - ::1 - - "POST /api/addProject HTTP/1.1" 200 47 "http://localhost:3000/fprojectAdd" "Mozilla/5.0 (Macintosh; Intel Mac OS X 10_13_1) AppleWebKit/537.36 (KHTML, like Gecko) Chrome/62.0.3202.94 Safari/537.36"
[2017-11-17T19:30:39.994] [INFO] info - SELECT p.id,p.fullName,p.shortName,p.projectManager,p.customer,p.devCycle,p.version,p.status,p.createTime FROM api_projectList p, api_role r, api_user u,api_role_projectList rp,api_user_role ur WHERE p.id=rp.projectId AND u.id=ur.userId AND r.id=ur.roleId AND u.id=2
[2017-11-17T19:30:40.044] [INFO] debug - ::1 - - "POST /api/getProjecAllList HTTP/1.1" 200 892 "http://localhost:3000/fprojectList" "Mozilla/5.0 (Macintosh; Intel Mac OS X 10_13_1) AppleWebKit/537.36 (KHTML, like Gecko) Chrome/62.0.3202.94 Safari/537.36"
[2017-11-17T19:38:35.640] [INFO] debug - ::1 - - "POST /api/fweeklySelect HTTP/1.1" 200 2083 "http://localhost:3000/fweekly" "Mozilla/5.0 (Macintosh; Intel Mac OS X 10_13_1) AppleWebKit/537.36 (KHTML, like Gecko) Chrome/62.0.3202.94 Safari/537.36"
[2017-11-17T19:38:38.971] [INFO] info - SELECT p.id,p.fullName,p.shortName,p.projectManager,p.customer,p.devCycle,p.version,p.status,p.createTime FROM api_projectList p, api_role r, api_user u,api_role_projectList rp,api_user_role ur WHERE p.id=rp.projectId AND u.id=ur.userId AND r.id=ur.roleId AND u.id=2
[2017-11-17T19:38:38.974] [INFO] debug - ::1 - - "POST /api/getProjecAllList HTTP/1.1" 200 892 "http://localhost:3000/fprojectList" "Mozilla/5.0 (Macintosh; Intel Mac OS X 10_13_1) AppleWebKit/537.36 (KHTML, like Gecko) Chrome/62.0.3202.94 Safari/537.36"
[2017-11-17T19:38:44.939] [INFO] debug - ::1 - - "POST /api/selectProjectDetail HTTP/1.1" 200 354 "http://localhost:3000/fprojectDetail?projectId=3" "Mozilla/5.0 (Macintosh; Intel Mac OS X 10_13_1) AppleWebKit/537.36 (KHTML, like Gecko) Chrome/62.0.3202.94 Safari/537.36"
